<?xml version="1.0" encoding="UTF-8"?>
<!-- Generated by org.testng.reporters.JUnitXMLReporter -->
<testsuite ignored="3" hostname="DESKTOP-QKHE2PN" failures="0" tests="1" name="Default test" time="8.74" errors="0" timestamp="2024-11-15T08:20:13 IST">
  <testcase classname="testcases.Table_TestClass" name="verifyAgeofPerson" time="0.934"/>
  <testcase classname="testcases.Table_TestClass" name="verifyTableOffice" time="0.0">
    <ignored/>
  </testcase> <!-- verifyTableOffice -->
  <testcase classname="testcases.Table_TestClass" name="verifyTabledata" time="0.0">
    <ignored/>
  </testcase> <!-- verifyTabledata -->
  <testcase classname="testcases.Table_TestClass" name="verifyallnamestable" time="0.0">
    <ignored/>
  </testcase> <!-- verifyallnamestable -->
</testsuite> <!-- Default test -->
