<?xml version="1.0" encoding="UTF-8"?>
<testng-results ignored="0" total="1" passed="1" failed="0" skipped="0">
  <reporter-output>
  </reporter-output>
  <suite started-at="2024-11-15T08:20:05 IST" name="Default suite" finished-at="2024-11-15T08:20:13 IST" duration-ms="8740">
    <groups>
    </groups>
    <test started-at="2024-11-15T08:20:05 IST" name="Default test" finished-at="2024-11-15T08:20:13 IST" duration-ms="8740">
      <class name="testcases.Table_TestClass">
        <test-method is-config="true" signature="launchBrowser()[pri:0, instance:testcases.Table_TestClass@3f191845]" started-at="2024-11-15T08:20:05 IST" name="launchBrowser" finished-at="2024-11-15T08:20:12 IST" duration-ms="7753" status="PASS">
          <reporter-output>
          </reporter-output>
        </test-method> <!-- launchBrowser -->
        <test-method signature="verifyAgeofPerson()[pri:0, instance:testcases.Table_TestClass@3f191845]" started-at="2024-11-15T08:20:12 IST" name="verifyAgeofPerson" finished-at="2024-11-15T08:20:13 IST" duration-ms="934" status="PASS">
          <reporter-output>
          </reporter-output>
        </test-method> <!-- verifyAgeofPerson -->
      </class> <!-- testcases.Table_TestClass -->
    </test> <!-- Default test -->
  </suite> <!-- Default suite -->
</testng-results>
